# Logfile created on Tue Mar 16 13:14:32 -0700 2010 by /
  [4;36;1mSQL (0.3ms)[0m   [0;1mselect sqlite_version(*)[0m
  [4;35;1mSQL (0.2ms)[0m   [0m SELECT name
 FROM sqlite_master
 WHERE type = 'table' AND NOT name = 'sqlite_sequence'
[0m
  [4;36;1mSQL (0.5ms)[0m   [0;1mCREATE TABLE "users" ("id" INTEGER PRIMARY KEY AUTOINCREMENT NOT NULL) [0m
  [4;35;1mSQL (0.2ms)[0m   [0m SELECT name
 FROM sqlite_master
 WHERE type = 'table' AND NOT name = 'sqlite_sequence'
[0m
  [4;36;1mSQL (0.3ms)[0m   [0;1mCREATE TABLE "payments" ("id" INTEGER PRIMARY KEY AUTOINCREMENT NOT NULL, "amount" integer, "currency" varchar(255) DEFAULT 'USD' NOT NULL, "reference" varchar(255)) [0m
  [4;35;1mSQL (0.3ms)[0m   [0m SELECT name
 FROM sqlite_master
 WHERE type = 'table' AND NOT name = 'sqlite_sequence'
[0m
  [4;36;1mSQL (6.8ms)[0m   [0;1mCREATE TABLE "bean_transfers" ("id" INTEGER PRIMARY KEY AUTOINCREMENT NOT NULL, "user_id" integer, "accountable_id" integer, "accountable_type" varchar(255), "state" varchar(255), "amount" integer, "debit" varchar(255), "credit" varchar(255), "currency" varchar(255) DEFAULT 'USD' NOT NULL, "event" varchar(255) DEFAULT 'transfer' NOT NULL, "success" boolean, "reference" varchar(255), "message" varchar(255), "params" text, "test" boolean, "affect_balance" boolean) [0m
  [4;35;1mBean::Transfer Load (0.2ms)[0m   [0mSELECT * FROM "bean_transfers" [0m
  [4;36;1mBean::Transfer Create (0.2ms)[0m   [0;1mINSERT INTO "bean_transfers" ("reference", "debit", "amount", "credit", "user_id", "event", "success", "affect_balance", "currency", "params", "accountable_type", "message", "test", "accountable_id", "state") VALUES(NULL, 'liability', 41, 'asset', NULL, 'transfer', NULL, NULL, 'MONKEY', NULL, NULL, NULL, NULL, NULL, NULL)[0m
  [4;35;1mBean::Transfer Load (0.7ms)[0m   [0mSELECT * FROM "bean_transfers" WHERE ("bean_transfers"."id" = 1) [0m
  [4;36;1mBean::Transfer Create (0.2ms)[0m   [0;1mINSERT INTO "bean_transfers" ("reference", "debit", "amount", "credit", "user_id", "event", "success", "affect_balance", "currency", "params", "accountable_type", "message", "test", "accountable_id", "state") VALUES(NULL, 'expense', 31, 'asset', NULL, 'transfer', NULL, NULL, 'USD', NULL, NULL, NULL, NULL, NULL, NULL)[0m
  [4;35;1mBean::Transfer Load (0.4ms)[0m   [0mSELECT * FROM "bean_transfers" WHERE ("bean_transfers"."id" = 2) [0m
  [4;36;1mBean::Transfer Create (0.2ms)[0m   [0;1mINSERT INTO "bean_transfers" ("reference", "debit", "amount", "credit", "user_id", "event", "success", "affect_balance", "currency", "params", "accountable_type", "message", "test", "accountable_id", "state") VALUES(NULL, 'asset', 12, 'payment', NULL, 'transfer', NULL, NULL, 'USD', NULL, NULL, NULL, NULL, NULL, NULL)[0m
  [4;35;1mBean::Transfer Load (0.4ms)[0m   [0mSELECT * FROM "bean_transfers" WHERE ("bean_transfers"."id" = 3) [0m
  [4;36;1mBean::Transfer Create (0.1ms)[0m   [0;1mINSERT INTO "bean_transfers" ("reference", "debit", "amount", "credit", "user_id", "event", "success", "affect_balance", "currency", "params", "accountable_type", "message", "test", "accountable_id", "state") VALUES(NULL, 'expense', 19, 'payment', NULL, 'transfer', NULL, NULL, 'USD', NULL, NULL, NULL, NULL, NULL, NULL)[0m
  [4;35;1mBean::Transfer Load (0.3ms)[0m   [0mSELECT * FROM "bean_transfers" WHERE ("bean_transfers"."id" = 4) [0m
  [4;36;1mBean::Transfer Create (0.1ms)[0m   [0;1mINSERT INTO "bean_transfers" ("reference", "debit", "amount", "credit", "user_id", "event", "success", "affect_balance", "currency", "params", "accountable_type", "message", "test", "accountable_id", "state") VALUES(NULL, 'currency', 60, 'payment', NULL, 'transfer', NULL, NULL, 'USD', NULL, NULL, NULL, NULL, NULL, NULL)[0m
  [4;35;1mBean::Transfer Load (0.3ms)[0m   [0mSELECT * FROM "bean_transfers" WHERE ("bean_transfers"."id" = 5) [0m
  [4;36;1mBean::Transfer Create (0.1ms)[0m   [0;1mINSERT INTO "bean_transfers" ("reference", "debit", "amount", "credit", "user_id", "event", "success", "affect_balance", "currency", "params", "accountable_type", "message", "test", "accountable_id", "state") VALUES(NULL, 'income', 98, 'currency', NULL, 'transfer', NULL, NULL, 'MONKEY', NULL, NULL, NULL, NULL, NULL, NULL)[0m
  [4;35;1mBean::Transfer Load (0.3ms)[0m   [0mSELECT * FROM "bean_transfers" WHERE ("bean_transfers"."id" = 6) [0m
  [4;36;1mSQL (0.1ms)[0m   [0;1mSELECT count(*) AS count_all FROM "bean_transfers" WHERE ("bean_transfers"."debit" = 'asset') [0m
  [4;35;1mSQL (0.2ms)[0m   [0mSELECT count(*) AS count_all FROM "bean_transfers" WHERE ("bean_transfers"."debit" = 'liability') [0m
  [4;36;1mSQL (0.1ms)[0m   [0;1mSELECT count(*) AS count_all FROM "bean_transfers" WHERE ("bean_transfers"."debit" = 'expense') [0m
  [4;35;1mSQL (0.1ms)[0m   [0mSELECT count(*) AS count_all FROM "bean_transfers" WHERE ("bean_transfers"."debit" = 'income') [0m
  [4;36;1mSQL (0.1ms)[0m   [0;1mSELECT count(*) AS count_all FROM "bean_transfers" WHERE ("bean_transfers"."debit" = 'currency') [0m
  [4;35;1mSQL (0.2ms)[0m   [0mSELECT count(*) AS count_all FROM "bean_transfers" WHERE ("bean_transfers"."credit" = 'asset') [0m
  [4;36;1mSQL (0.2ms)[0m   [0;1mSELECT count(*) AS count_all FROM "bean_transfers" WHERE ("bean_transfers"."credit" = 'payment') [0m
  [4;35;1mSQL (0.2ms)[0m   [0mSELECT count(*) AS count_all FROM "bean_transfers" WHERE ("bean_transfers"."credit" = 'currency') [0m
  [4;36;1mSQL (0.2ms)[0m   [0;1mSELECT count(*) AS count_all FROM "bean_transfers" WHERE ("bean_transfers"."currency" = 'USD') [0m
  [4;35;1mSQL (0.2ms)[0m   [0mSELECT count(*) AS count_all FROM "bean_transfers" WHERE ("bean_transfers"."currency" = 'MONKEY') [0m
  [4;36;1mSQL (0.2ms)[0m   [0;1mselect sqlite_version(*)[0m
  [4;35;1mSQL (0.1ms)[0m   [0m SELECT name
 FROM sqlite_master
 WHERE type = 'table' AND NOT name = 'sqlite_sequence'
[0m
  [4;36;1mSQL (0.4ms)[0m   [0;1mCREATE TABLE "users" ("id" INTEGER PRIMARY KEY AUTOINCREMENT NOT NULL) [0m
  [4;35;1mSQL (0.2ms)[0m   [0m SELECT name
 FROM sqlite_master
 WHERE type = 'table' AND NOT name = 'sqlite_sequence'
[0m
  [4;36;1mSQL (0.2ms)[0m   [0;1mCREATE TABLE "payments" ("id" INTEGER PRIMARY KEY AUTOINCREMENT NOT NULL, "amount" integer, "currency" varchar(255) DEFAULT 'USD' NOT NULL, "reference" varchar(255)) [0m
  [4;35;1mSQL (0.2ms)[0m   [0m SELECT name
 FROM sqlite_master
 WHERE type = 'table' AND NOT name = 'sqlite_sequence'
[0m
  [4;36;1mSQL (0.3ms)[0m   [0;1mCREATE TABLE "bean_transfers" ("id" INTEGER PRIMARY KEY AUTOINCREMENT NOT NULL, "user_id" integer, "accountable_id" integer, "accountable_type" varchar(255), "state" varchar(255), "amount" integer, "debit" varchar(255), "credit" varchar(255), "currency" varchar(255) DEFAULT 'USD' NOT NULL, "event" varchar(255) DEFAULT 'transfer' NOT NULL, "success" boolean, "reference" varchar(255), "message" varchar(255), "params" text, "test" boolean, "affect_balance" boolean) [0m
  [4;35;1mUser Create (0.2ms)[0m   [0mINSERT INTO users VALUES(NULL)[0m
  [4;36;1mUser Load (0.4ms)[0m   [0;1mSELECT * FROM "users" WHERE ("users"."id" = 1) [0m
  [4;35;1mBean::Transfer Load (0.1ms)[0m   [0mSELECT * FROM "bean_transfers" [0m
  [4;36;1mBean::Transfer Create (0.2ms)[0m   [0;1mINSERT INTO "bean_transfers" ("reference", "debit", "amount", "credit", "user_id", "event", "success", "affect_balance", "currency", "params", "accountable_type", "message", "test", "accountable_id", "state") VALUES(NULL, 'liability', 100, 'asset', 1, 'transfer', NULL, NULL, 'MONKEY', NULL, NULL, NULL, NULL, NULL, NULL)[0m
  [4;35;1mBean::Transfer Load (0.4ms)[0m   [0mSELECT * FROM "bean_transfers" WHERE ("bean_transfers"."id" = 1) [0m
  [4;36;1mBean::Transfer Create (0.2ms)[0m   [0;1mINSERT INTO "bean_transfers" ("reference", "debit", "amount", "credit", "user_id", "event", "success", "affect_balance", "currency", "params", "accountable_type", "message", "test", "accountable_id", "state") VALUES(NULL, 'expense', 200, 'asset', 1, 'transfer', NULL, NULL, 'USD', NULL, NULL, NULL, NULL, NULL, NULL)[0m
  [4;35;1mBean::Transfer Load (0.3ms)[0m   [0mSELECT * FROM "bean_transfers" WHERE ("bean_transfers"."id" = 2) [0m
  [4;36;1mBean::Transfer Create (0.1ms)[0m   [0;1mINSERT INTO "bean_transfers" ("reference", "debit", "amount", "credit", "user_id", "event", "success", "affect_balance", "currency", "params", "accountable_type", "message", "test", "accountable_id", "state") VALUES(NULL, 'asset', 300, 'payment', 1, 'transfer', NULL, NULL, 'USD', NULL, NULL, NULL, NULL, NULL, NULL)[0m
  [4;35;1mBean::Transfer Load (0.3ms)[0m   [0mSELECT * FROM "bean_transfers" WHERE ("bean_transfers"."id" = 3) [0m
  [4;36;1mBean::Transfer Create (0.1ms)[0m   [0;1mINSERT INTO "bean_transfers" ("reference", "debit", "amount", "credit", "user_id", "event", "success", "affect_balance", "currency", "params", "accountable_type", "message", "test", "accountable_id", "state") VALUES(NULL, 'expense', 400, 'payment', 1, 'transfer', NULL, NULL, 'USD', NULL, NULL, NULL, NULL, NULL, NULL)[0m
  [4;35;1mBean::Transfer Load (0.3ms)[0m   [0mSELECT * FROM "bean_transfers" WHERE ("bean_transfers"."id" = 4) [0m
  [4;36;1mBean::Transfer Create (0.1ms)[0m   [0;1mINSERT INTO "bean_transfers" ("reference", "debit", "amount", "credit", "user_id", "event", "success", "affect_balance", "currency", "params", "accountable_type", "message", "test", "accountable_id", "state") VALUES(NULL, 'currency', 500, 'payment', 1, 'transfer', NULL, NULL, 'USD', NULL, NULL, NULL, NULL, NULL, NULL)[0m
  [4;35;1mBean::Transfer Load (0.3ms)[0m   [0mSELECT * FROM "bean_transfers" WHERE ("bean_transfers"."id" = 5) [0m
  [4;36;1mBean::Transfer Create (0.1ms)[0m   [0;1mINSERT INTO "bean_transfers" ("reference", "debit", "amount", "credit", "user_id", "event", "success", "affect_balance", "currency", "params", "accountable_type", "message", "test", "accountable_id", "state") VALUES(NULL, 'income', 600, 'currency', 1, 'transfer', NULL, NULL, 'MONKEY', NULL, NULL, NULL, NULL, NULL, NULL)[0m
  [4;35;1mBean::Transfer Load (0.3ms)[0m   [0mSELECT * FROM "bean_transfers" WHERE ("bean_transfers"."id" = 6) [0m
  [4;36;1mSQL (0.2ms)[0m   [0;1mSELECT sum("bean_transfers".amount) AS sum_amount FROM "bean_transfers" WHERE (((("bean_transfers"."debit" = 'asset' AND "bean_transfers"."currency" = 'USD')) AND ("bean_transfers".user_id = 1)) AND ("bean_transfers".user_id = 1)) [0m
  [4;35;1mSQL (0.2ms)[0m   [0mSELECT sum("bean_transfers".amount) AS sum_amount FROM "bean_transfers" WHERE (((("bean_transfers"."credit" = 'asset' AND "bean_transfers"."currency" = 'USD')) AND ("bean_transfers".user_id = 1)) AND ("bean_transfers".user_id = 1)) [0m
  [4;36;1mSQL (0.4ms)[0m   [0;1mSELECT sum("bean_transfers".amount) AS sum_amount FROM "bean_transfers" WHERE (((("bean_transfers"."debit" = 'asset' AND "bean_transfers"."currency" = 'USD')) AND ("bean_transfers".user_id = 1)) AND ("bean_transfers".user_id = 1)) [0m
  [4;35;1mSQL (0.2ms)[0m   [0mSELECT sum("bean_transfers".amount) AS sum_amount FROM "bean_transfers" WHERE (((("bean_transfers"."credit" = 'asset' AND "bean_transfers"."currency" = 'USD')) AND ("bean_transfers".user_id = 1)) AND ("bean_transfers".user_id = 1)) [0m
  [4;36;1mSQL (0.3ms)[0m   [0;1mSELECT sum("bean_transfers".amount) AS sum_amount FROM "bean_transfers" WHERE (((("bean_transfers"."debit" = 'liability' AND "bean_transfers"."currency" = 'MONKEY')) AND ("bean_transfers".user_id = 1)) AND ("bean_transfers".user_id = 1)) [0m
  [4;35;1mSQL (0.2ms)[0m   [0mSELECT sum("bean_transfers".amount) AS sum_amount FROM "bean_transfers" WHERE (((("bean_transfers"."credit" = 'liability' AND "bean_transfers"."currency" = 'MONKEY')) AND ("bean_transfers".user_id = 1)) AND ("bean_transfers".user_id = 1)) [0m
  [4;36;1mSQL (0.2ms)[0m   [0;1mSELECT sum("bean_transfers".amount) AS sum_amount FROM "bean_transfers" WHERE (((("bean_transfers"."debit" = 'income' AND "bean_transfers"."currency" = 'MONKEY')) AND ("bean_transfers".user_id = 1)) AND ("bean_transfers".user_id = 1)) [0m
  [4;35;1mSQL (0.2ms)[0m   [0mSELECT sum("bean_transfers".amount) AS sum_amount FROM "bean_transfers" WHERE (((("bean_transfers"."credit" = 'income' AND "bean_transfers"."currency" = 'MONKEY')) AND ("bean_transfers".user_id = 1)) AND ("bean_transfers".user_id = 1)) [0m
  [4;36;1mSQL (0.2ms)[0m   [0;1mSELECT sum("bean_transfers".amount) AS sum_amount FROM "bean_transfers" WHERE (((("bean_transfers"."debit" = 'currency' AND "bean_transfers"."currency" = 'MONKEY')) AND ("bean_transfers".user_id = 1)) AND ("bean_transfers".user_id = 1)) [0m
  [4;35;1mSQL (0.3ms)[0m   [0mSELECT sum("bean_transfers".amount) AS sum_amount FROM "bean_transfers" WHERE (((("bean_transfers"."credit" = 'currency' AND "bean_transfers"."currency" = 'MONKEY')) AND ("bean_transfers".user_id = 1)) AND ("bean_transfers".user_id = 1)) [0m
  [4;36;1mSQL (0.2ms)[0m   [0;1mSELECT sum("bean_transfers".amount) AS sum_amount FROM "bean_transfers" WHERE (((("bean_transfers"."debit" = 'currency' AND "bean_transfers"."currency" = 'USD')) AND ("bean_transfers".user_id = 1)) AND ("bean_transfers".user_id = 1)) [0m
  [4;35;1mSQL (0.2ms)[0m   [0mSELECT sum("bean_transfers".amount) AS sum_amount FROM "bean_transfers" WHERE (((("bean_transfers"."credit" = 'currency' AND "bean_transfers"."currency" = 'USD')) AND ("bean_transfers".user_id = 1)) AND ("bean_transfers".user_id = 1)) [0m
  [4;36;1mSQL (0.2ms)[0m   [0;1mSELECT sum("bean_transfers".amount) AS sum_amount FROM "bean_transfers" WHERE (((("bean_transfers"."debit" = 'expense' AND "bean_transfers"."currency" = 'USD')) AND ("bean_transfers".user_id = 1)) AND ("bean_transfers".user_id = 1)) [0m
  [4;35;1mSQL (0.2ms)[0m   [0mSELECT sum("bean_transfers".amount) AS sum_amount FROM "bean_transfers" WHERE (((("bean_transfers"."credit" = 'expense' AND "bean_transfers"."currency" = 'USD')) AND ("bean_transfers".user_id = 1)) AND ("bean_transfers".user_id = 1)) [0m
  [4;36;1mSQL (0.2ms)[0m   [0;1mSELECT sum("bean_transfers".amount) AS sum_amount FROM "bean_transfers" WHERE (((("bean_transfers"."debit" = 'payment' AND "bean_transfers"."currency" = 'USD')) AND ("bean_transfers".user_id = 1)) AND ("bean_transfers".user_id = 1)) [0m
  [4;35;1mSQL (0.2ms)[0m   [0mSELECT sum("bean_transfers".amount) AS sum_amount FROM "bean_transfers" WHERE (((("bean_transfers"."credit" = 'payment' AND "bean_transfers"."currency" = 'USD')) AND ("bean_transfers".user_id = 1)) AND ("bean_transfers".user_id = 1)) [0m
